# JRE version: OpenJDK Runtime Environment (8.0_212-b04) (build 1.8.0_212-release-1586-b04)
# Java VM: OpenJDK 64-Bit Server VM (25.212-b04 mixed mode windows-amd64 compressed oops)
Heap:
 PSYoungGen      total 489472K, used 334112K [0x00000000e0000000, 0x00000000ffb80000, 0x0000000100000000)
  eden space 457728K, 70% used [0x00000000e0000000,0x00000000f38f3f10,0x00000000fbf00000)
  from space 31744K, 42% used [0x00000000fdc80000,0x00000000fe9d44c0,0x00000000ffb80000)
  to   space 30208K, 0% used [0x00000000fbf00000,0x00000000fbf00000,0x00000000fdc80000)
 ParOldGen       total 391168K, used 319740K [0x00000000a0000000, 0x00000000b7e00000, 0x00000000e0000000)
  object space 391168K, 81% used [0x00000000a0000000,0x00000000b383f2b0,0x00000000b7e00000)
 Metaspace       used 102154K, capacity 108480K, committed 108760K, reserved 1142784K
  class space    used 13377K, capacity 14802K, committed 14848K, reserved 1048576K
GC Heap History (10 events):
Event: 146.747 GC heap before
{Heap before GC invocations=62 (full 6):
 PSYoungGen      total 453120K, used 453089K [0x00000000e0000000, 0x0000000100000000, 0x0000000100000000)
  eden space 452608K, 100% used [0x00000000e0000000,0x00000000fba00000,0x00000000fba00000)
  from space 512K, 94% used [0x00000000fba00000,0x00000000fba786a0,0x00000000fba80000)
  to   space 36352K, 0% used [0x00000000fdc80000,0x00000000fdc80000,0x0000000100000000)
 ParOldGen       total 391168K, used 283098K [0x00000000a0000000, 0x00000000b7e00000, 0x00000000e0000000)
  object space 391168K, 72% used [0x00000000a0000000,0x00000000b1476b40,0x00000000b7e00000)
 Metaspace       used 100625K, capacity 106672K, committed 106968K, reserved 1142784K
  class space    used 13177K, capacity 14526K, committed 14592K, reserved 1048576K
Event: 146.783 GC heap after
Heap after GC invocations=62 (full 6):
 PSYoungGen      total 486912K, used 20811K [0x00000000e0000000, 0x0000000100000000, 0x0000000100000000)
  eden space 450560K, 0% used [0x00000000e0000000,0x00000000e0000000,0x00000000fb800000)
  from space 36352K, 57% used [0x00000000fdc80000,0x00000000ff0d2fd0,0x0000000100000000)
  to   space 36864K, 0% used [0x00000000fb800000,0x00000000fb800000,0x00000000fdc00000)
 ParOldGen       total 391168K, used 283468K [0x00000000a0000000, 0x00000000b7e00000, 0x00000000e0000000)
  object space 391168K, 72% used [0x00000000a0000000,0x00000000b14d3160,0x00000000b7e00000)
 Metaspace       used 100625K, capacity 106672K, committed 106968K, reserved 1142784K
  class space    used 13177K, capacity 14526K, committed 14592K, reserved 1048576K
}
Event: 148.287 GC heap before
{Heap before GC invocations=63 (full 6):
 PSYoungGen      total 486912K, used 471371K [0x00000000e0000000, 0x0000000100000000, 0x0000000100000000)
  eden space 450560K, 100% used [0x00000000e0000000,0x00000000fb800000,0x00000000fb800000)
  from space 36352K, 57% used [0x00000000fdc80000,0x00000000ff0d2fd0,0x0000000100000000)
  to   space 36864K, 0% used [0x00000000fb800000,0x00000000fb800000,0x00000000fdc00000)
 ParOldGen       total 391168K, used 283468K [0x00000000a0000000, 0x00000000b7e00000, 0x00000000e0000000)
  object space 391168K, 72% used [0x00000000a0000000,0x00000000b14d3160,0x00000000b7e00000)
 Metaspace       used 100939K, capacity 107002K, committed 107352K, reserved 1142784K
  class space    used 13226K, capacity 14583K, committed 14720K, reserved 1048576K
Event: 148.348 GC heap after
Heap after GC invocations=63 (full 6):
 PSYoungGen      total 463872K, used 12897K [0x00000000e0000000, 0x00000000ffc80000, 0x0000000100000000)
  eden space 450560K, 0% used [0x00000000e0000000,0x00000000e0000000,0x00000000fb800000)
  from space 13312K, 96% used [0x00000000fb800000,0x00000000fc498798,0x00000000fc500000)
  to   space 34816K, 0% used [0x00000000fda80000,0x00000000fda80000,0x00000000ffc80000)
 ParOldGen       total 391168K, used 298038K [0x00000000a0000000, 0x00000000b7e00000, 0x00000000e0000000)
  object space 391168K, 76% used [0x00000000a0000000,0x00000000b230d808,0x00000000b7e00000)
 Metaspace       used 100939K, capacity 107002K, committed 107352K, reserved 1142784K
  class space    used 13226K, capacity 14583K, committed 14720K, reserved 1048576K
}
Event: 149.695 GC heap before
{Heap before GC invocations=64 (full 6):
 PSYoungGen      total 463872K, used 463457K [0x00000000e0000000, 0x00000000ffc80000, 0x0000000100000000)
  eden space 450560K, 100% used [0x00000000e0000000,0x00000000fb800000,0x00000000fb800000)
  from space 13312K, 96% used [0x00000000fb800000,0x00000000fc498798,0x00000000fc500000)
  to   space 34816K, 0% used [0x00000000fda80000,0x00000000fda80000,0x00000000ffc80000)
 ParOldGen       total 391168K, used 298038K [0x00000000a0000000, 0x00000000b7e00000, 0x00000000e0000000)
  object space 391168K, 76% used [0x00000000a0000000,0x00000000b230d808,0x00000000b7e00000)
 Metaspace       used 101039K, capacity 107176K, committed 107352K, reserved 1142784K
  class space    used 13243K, capacity 14604K, committed 14720K, reserved 1048576K
Event: 149.733 GC heap after
Heap after GC invocations=64 (full 6):
 PSYoungGen      total 487424K, used 15733K [0x00000000e0000000, 0x0000000100000000, 0x0000000100000000)
  eden space 452608K, 0% used [0x00000000e0000000,0x00000000e0000000,0x00000000fba00000)
  from space 34816K, 45% used [0x00000000fda80000,0x00000000fe9dd698,0x00000000ffc80000)
  to   space 33280K, 0% used [0x00000000fba00000,0x00000000fba00000,0x00000000fda80000)
 ParOldGen       total 391168K, used 306674K [0x00000000a0000000, 0x00000000b7e00000, 0x00000000e0000000)
  object space 391168K, 78% used [0x00000000a0000000,0x00000000b2b7c8b8,0x00000000b7e00000)
 Metaspace       used 101039K, capacity 107176K, committed 107352K, reserved 1142784K
  class space    used 13243K, capacity 14604K, committed 14720K, reserved 1048576K
}
Event: 150.999 GC heap before
{Heap before GC invocations=65 (full 6):
 PSYoungGen      total 487424K, used 468341K [0x00000000e0000000, 0x0000000100000000, 0x0000000100000000)
  eden space 452608K, 100% used [0x00000000e0000000,0x00000000fba00000,0x00000000fba00000)
  from space 34816K, 45% used [0x00000000fda80000,0x00000000fe9dd698,0x00000000ffc80000)
  to   space 33280K, 0% used [0x00000000fba00000,0x00000000fba00000,0x00000000fda80000)
 ParOldGen       total 391168K, used 306674K [0x00000000a0000000, 0x00000000b7e00000, 0x00000000e0000000)
  object space 391168K, 78% used [0x00000000a0000000,0x00000000b2b7c8b8,0x00000000b7e00000)
 Metaspace       used 101081K, capacity 107254K, committed 107608K, reserved 1142784K
  class space    used 13244K, capacity 14605K, committed 14720K, reserved 1048576K
Event: 151.053 GC heap after
Heap after GC invocations=65 (full 6):
 PSYoungGen      total 485888K, used 13792K [0x00000000e0000000, 0x00000000ffb80000, 0x0000000100000000)
  eden space 452608K, 0% used [0x00000000e0000000,0x00000000e0000000,0x00000000fba00000)
  from space 33280K, 41% used [0x00000000fba00000,0x00000000fc7783f8,0x00000000fda80000)
  to   space 31744K, 0% used [0x00000000fdc80000,0x00000000fdc80000,0x00000000ffb80000)
 ParOldGen       total 391168K, used 315655K [0x00000000a0000000, 0x00000000b7e00000, 0x00000000e0000000)
  object space 391168K, 80% used [0x00000000a0000000,0x00000000b3441d98,0x00000000b7e00000)
 Metaspace       used 101081K, capacity 107254K, committed 107608K, reserved 1142784K
  class space    used 13244K, capacity 14605K, committed 14720K, reserved 1048576K
}
Event: 152.911 GC heap before
{Heap before GC invocations=66 (full 6):
 PSYoungGen      total 485888K, used 466341K [0x00000000e0000000, 0x00000000ffb80000, 0x0000000100000000)
  eden space 452608K, 99% used [0x00000000e0000000,0x00000000fb9f13d8,0x00000000fba00000)
  from space 33280K, 41% used [0x00000000fba00000,0x00000000fc7783f8,0x00000000fda80000)
  to   space 31744K, 0% used [0x00000000fdc80000,0x00000000fdc80000,0x00000000ffb80000)
 ParOldGen       total 391168K, used 315655K [0x00000000a0000000, 0x00000000b7e00000, 0x00000000e0000000)
  object space 391168K, 80% used [0x00000000a0000000,0x00000000b3441d98,0x00000000b7e00000)
 Metaspace       used 101436K, capacity 107648K, committed 107864K, reserved 1142784K
  class space    used 13293K, capacity 14702K, committed 14720K, reserved 1048576K
Event: 152.944 GC heap after
Heap after GC invocations=66 (full 6):
 PSYoungGen      total 489472K, used 13649K [0x00000000e0000000, 0x00000000ffb80000, 0x0000000100000000)
  eden space 457728K, 0% used [0x00000000e0000000,0x00000000e0000000,0x00000000fbf00000)
  from space 31744K, 42% used [0x00000000fdc80000,0x00000000fe9d44c0,0x00000000ffb80000)
  to   space 30208K, 0% used [0x00000000fbf00000,0x00000000fbf00000,0x00000000fdc80000)
 ParOldGen       total 391168K, used 319740K [0x00000000a0000000, 0x00000000b7e00000, 0x00000000e0000000)
  object space 391168K, 81% used [0x00000000a0000000,0x00000000b383f2b0,0x00000000b7e00000)
 Metaspace       used 101436K, capacity 107648K, committed 107864K, reserved 1142784K
  class space    used 13293K, capacity 14702K, committed 14720K, reserved 1048576K
}

